\BOOKMARK [-1][]{part.2}{\376\377\000\040\0002\000\040\173\054\116\214\220\350\122\006\000\040\040\024\000\040\152\041\147\177\151\202\217\360\000\040}{}% 2
\BOOKMARK [0][]{chapter.1}{\376\377\0001\000\040\121\145\225\350\173\307}{part.2}% 3
\BOOKMARK [1][]{section.1.1}{\376\377\0001\000.\0001\000\040\152\041\147\177\123\206\123\362\151\202\217\360}{chapter.1}% 4
\BOOKMARK [1][]{section.1.2}{\376\377\0001\000.\0002\000\040\152\041\147\177\121\205\133\271\116\313\176\315\000-\145\160\133\146\163\257\130\203}{chapter.1}% 5
\BOOKMARK [2][]{subsection.1.2.1}{\376\377\0001\000.\0002\000.\0001\000\040\142\204\137\125\163\257\130\203}{section.1.2}% 6
\BOOKMARK [2][]{subsection.1.2.2}{\376\377\0001\000.\0002\000.\0002\000\040\133\232\164\006\163\257\130\203}{section.1.2}% 7
\BOOKMARK [3][]{subsubsection.1.2.2.1}{\376\377\0001\000.\0002\000.\0002\000.\0001\000\040\145\160\133\146\163\257\130\203\000-\133\232\116\111}{subsection.1.2.2}% 8
\BOOKMARK [3][]{subsubsection.1.2.2.2}{\376\377\0001\000.\0002\000.\0002\000.\0002\000\040\145\160\133\146\163\257\130\203\000-\133\232\164\006}{subsection.1.2.2}% 9
\BOOKMARK [3][]{subsubsection.1.2.2.3}{\376\377\0001\000.\0002\000.\0002\000.\0003\000\040\145\160\133\146\163\257\130\203\000-\121\154\164\006}{subsection.1.2.2}% 10
\BOOKMARK [3][]{subsubsection.1.2.2.4}{\376\377\0001\000.\0002\000.\0002\000.\0004\000\040\145\160\133\146\163\257\130\203\000-\121\154\213\276}{subsection.1.2.2}% 11
\BOOKMARK [3][]{subsubsection.1.2.2.5}{\376\377\0001\000.\0002\000.\0002\000.\0005\000\040\145\160\133\146\163\257\130\203\000-\137\025\164\006}{subsection.1.2.2}% 12
\BOOKMARK [3][]{subsubsection.1.2.2.6}{\376\377\0001\000.\0002\000.\0002\000.\0006\000\040\145\160\133\146\163\257\130\203\000-\124\175\230\230}{subsection.1.2.2}% 13
\BOOKMARK [3][]{subsubsection.1.2.2.7}{\376\377\0001\000.\0002\000.\0002\000.\0007\000\040\145\160\133\146\163\257\130\203\000-\143\250\213\272}{subsection.1.2.2}% 14
\BOOKMARK [3][]{subsubsection.1.2.2.8}{\376\377\0001\000.\0002\000.\0002\000.\0008\000\040\145\160\133\146\163\257\130\203\000-\140\047\215\050}{subsection.1.2.2}% 15
\BOOKMARK [3][]{subsubsection.1.2.2.9}{\376\377\0001\000.\0002\000.\0002\000.\0009\000\040\145\160\133\146\163\257\130\203\000-\120\107\213\276}{subsection.1.2.2}% 16
\BOOKMARK [3][]{subsubsection.1.2.2.10}{\376\377\0001\000.\0002\000.\0002\000.\0001\0000\000\040\145\160\133\146\163\257\130\203\000-\213\301\146\016}{subsection.1.2.2}% 17
\BOOKMARK [3][]{subsubsection.1.2.2.11}{\376\377\0001\000.\0002\000.\0002\000.\0001\0001\000\040\145\160\133\146\163\257\130\203\000-\117\213\230\230\000\046\176\303\116\140}{subsection.1.2.2}% 18
\BOOKMARK [3][]{subsubsection.1.2.2.12}{\376\377\0001\000.\0002\000.\0002\000.\0001\0002\000\040\116\373\141\017\163\257\130\203\000-\201\352\133\232\116\111\150\007\213\260}{subsection.1.2.2}% 19
\BOOKMARK [1][]{section.1.3}{\376\377\0001\000.\0003\000\040\152\041\147\177\121\205\133\271\116\313\176\315\000-\121\166\116\326\166\322\133\120}{chapter.1}% 20
\BOOKMARK [2][]{subsection.1.3.1}{\376\377\0001\000.\0003\000.\0001\000\040\000a\000s\000c\000o\000l\000o\000r\000b\000o\000x\174\173\171\373\151\015\166\322\133\120\000-\131\032\210\114\137\151\150\106}{section.1.3}% 21
\BOOKMARK [2][]{subsection.1.3.2}{\376\377\0001\000.\0003\000.\0002\000\040\000a\000s\000c\000b\000o\000x\174\173\171\373\151\015\166\322\133\120\000-\123\125\210\114\166\322\133\120}{section.1.3}% 22
\BOOKMARK [2][]{subsection.1.3.3}{\376\377\0001\000.\0003\000.\0003\000\040\210\145\121\105\163\257\130\203}{section.1.3}% 23
\BOOKMARK [1][]{section.1.4}{\376\377\0001\000.\0004\000\040\152\041\147\177\121\205\133\271\116\313\176\315\000-\142\204\137\125\163\257\130\203}{chapter.1}% 24
\BOOKMARK [1][]{section.1.5}{\376\377\0001\000.\0005\000\040\152\041\147\177\117\177\165\050\225\356\230\230\000-\177\026\213\321\217\307\141\142}{chapter.1}% 25
\BOOKMARK [0][]{chapter.2}{\376\377\0002\000\040\162\110\147\054\146\364\145\260\123\206\123\362}{part.2}% 26
